{"label":"INFO","level":"info","message":"info","timestamp":"2022-06-23 12:24:17"}
{"label":"INFO","level":"info","message":"DataBase Connected Successfuly..","timestamp":"2022-06-23 12:24:18"}
{"label":"INFO","level":"info","message":"Candidate Records Added successfuly.. :  C:\\Users\\nv\\Documents\\node js\\Nodejs-Backend\\controller\\candidateController.js","timestamp":"2022-06-23 12:24:49"}
{"label":"INFO","level":"info","message":"info","timestamp":"2022-06-23 12:26:24"}
{"label":"INFO","level":"info","message":"DataBase Connected Successfuly..","timestamp":"2022-06-23 12:26:24"}
{"label":"INFO","level":"info","message":"Candidate Records Added successfuly.. :  C:\\Users\\nv\\Documents\\node js\\Nodejs-Backend\\controller\\candidateController.js","timestamp":"2022-06-23 12:27:04"}
{"label":"INFO","level":"info","message":"Candidate Records Added successfuly.. :  C:\\Users\\nv\\Documents\\node js\\Nodejs-Backend\\controller\\candidateController.js","timestamp":"2022-06-23 12:27:21"}
{"label":"INFO","level":"info","message":"Candidate Records Added successfuly.. :  C:\\Users\\nv\\Documents\\node js\\Nodejs-Backend\\controller\\candidateController.js","timestamp":"2022-06-23 12:27:33"}
{"label":"INFO","level":"info","message":"Candidate Records Added successfuly.. :  C:\\Users\\nv\\Documents\\node js\\Nodejs-Backend\\controller\\candidateController.js","timestamp":"2022-06-23 12:27:53"}
{"label":"INFO","level":"info","message":"Candidate Records Added successfuly.. :  C:\\Users\\nv\\Documents\\node js\\Nodejs-Backend\\controller\\candidateController.js","timestamp":"2022-06-23 12:28:12"}
{"label":"INFO","level":"info","message":"All Records Fetched Successfuly.. :  C:\\Users\\nv\\Documents\\node js\\Nodejs-Backend\\controller\\candidateController.js","timestamp":"2022-06-23 12:30:08"}
{"label":"INFO","level":"info","message":"info","timestamp":"2022-06-23 12:38:15"}
{"label":"INFO","level":"info","message":"DataBase Connected Successfuly..","timestamp":"2022-06-23 12:38:16"}
{"label":"INFO","level":"error","message":"Bad URL Request..","timestamp":"2022-06-23 12:38:35"}
{"label":"INFO","level":"info","message":"info","timestamp":"2022-06-23 12:39:26"}
{"label":"INFO","level":"info","message":"DataBase Connected Successfuly..","timestamp":"2022-06-23 12:39:26"}
{"label":"INFO","level":"error","message":"unable to fetch record-Error: notfound","timestamp":"2022-06-23 12:39:30"}
{"label":"INFO","level":"info","message":"One Record Fetched Successfuly.. :  C:\\Users\\nv\\Documents\\node js\\Nodejs-Backend\\controller\\candidateController.js","timestamp":"2022-06-23 12:39:35"}
{"label":"INFO","level":"info","message":"info","timestamp":"2022-06-23 12:40:08"}
{"label":"INFO","level":"info","message":"DataBase Connected Successfuly..","timestamp":"2022-06-23 12:40:08"}
{"label":"INFO","level":"info","message":"One Record Updated Successfuly.. :  C:\\Users\\nv\\Documents\\node js\\Nodejs-Backend\\controller\\candidateController.js","timestamp":"2022-06-23 12:40:12"}
{"label":"INFO","level":"info","message":"info","timestamp":"2022-06-23 12:42:35"}
{"label":"INFO","level":"info","message":"DataBase Connected Successfuly..","timestamp":"2022-06-23 12:42:35"}
{"label":"INFO","level":"info","message":"info","timestamp":"2022-06-23 12:56:04"}
{"label":"INFO","level":"info","message":"DataBase Connected Successfuly..","timestamp":"2022-06-23 12:56:04"}
